0 info it worked if it ends with ok
1 verbose cli [ '/usr/local/bin/node', '/usr/local/bin/npm', 'run', 'pub' ]
2 info using npm@3.10.9
3 info using node@v6.9.2
4 verbose run-script [ 'prepub', 'pub', 'postpub' ]
5 info lifecycle bee-test@1.0.0~prepub: bee-test@1.0.0
6 silly lifecycle bee-test@1.0.0~prepub: no script for prepub, continuing
7 info lifecycle bee-test@1.0.0~pub: bee-test@1.0.0
8 verbose lifecycle bee-test@1.0.0~pub: unsafe-perm in lifecycle true
9 verbose lifecycle bee-test@1.0.0~pub: PATH: /usr/local/lib/node_modules/npm/bin/node-gyp-bin:/Users/huyue/Documents/git/bee-test/node_modules/.bin:/Users/huyue/Documents/cocos2d-x-3.15.1/templates:/Users/huyue/Documents:/Users/huyue/Documents/cocos2d-x-3.15.1/tools/cocos2d-console/bin:/Library/Frameworks/Python.framework/Versions/3.6/bin:/usr/local/bin:/usr/bin:/bin:/usr/sbin:/sbin:/opt/X11/bin:/Library/Frameworks/Mono.framework/Versions/Current/Commands:/Users/huyue/Documents/cocos2d-x-3.15.1/templates:/Users/huyue/Documents:/Users/huyue/Documents/cocos2d-x-3.15.1/tools/cocos2d-console/bin:/Library/Frameworks/Python.framework/Versions/3.6/bin
10 verbose lifecycle bee-test@1.0.0~pub: CWD: /Users/huyue/Documents/git/bee-test
11 silly lifecycle bee-test@1.0.0~pub: Args: [ '-c', 'bee-tools run pub' ]
12 silly lifecycle bee-test@1.0.0~pub: Returned: code: 1  signal: null
13 info lifecycle bee-test@1.0.0~pub: Failed to exec pub script
14 verbose stack Error: bee-test@1.0.0 pub: `bee-tools run pub`
14 verbose stack Exit status 1
14 verbose stack     at EventEmitter.<anonymous> (/usr/local/lib/node_modules/npm/lib/utils/lifecycle.js:255:16)
14 verbose stack     at emitTwo (events.js:106:13)
14 verbose stack     at EventEmitter.emit (events.js:191:7)
14 verbose stack     at ChildProcess.<anonymous> (/usr/local/lib/node_modules/npm/lib/utils/spawn.js:40:14)
14 verbose stack     at emitTwo (events.js:106:13)
14 verbose stack     at ChildProcess.emit (events.js:191:7)
14 verbose stack     at maybeClose (internal/child_process.js:877:16)
14 verbose stack     at Process.ChildProcess._handle.onexit (internal/child_process.js:226:5)
15 verbose pkgid bee-test@1.0.0
16 verbose cwd /Users/huyue/Documents/git/bee-test
17 error Darwin 17.3.0
18 error argv "/usr/local/bin/node" "/usr/local/bin/npm" "run" "pub"
19 error node v6.9.2
20 error npm  v3.10.9
21 error code ELIFECYCLE
22 error bee-test@1.0.0 pub: `bee-tools run pub`
22 error Exit status 1
23 error Failed at the bee-test@1.0.0 pub script 'bee-tools run pub'.
23 error Make sure you have the latest version of node.js and npm installed.
23 error If you do, this is most likely a problem with the bee-test package,
23 error not with npm itself.
23 error Tell the author that this fails on your system:
23 error     bee-tools run pub
23 error You can get information on how to open an issue for this project with:
23 error     npm bugs bee-test
23 error Or if that isn't available, you can get their info via:
23 error     npm owner ls bee-test
23 error There is likely additional logging output above.
24 verbose exit [ 1, true ]
